2024-08-29 09:09:49,780 - INFO - Epoch 1/20, Loss: 7.9891, Acc: 0.0180, Validation Acc: 0.0227
2024-08-29 09:12:20,118 - INFO - Epoch 2/20, Loss: 6.2678, Acc: 0.0645, Validation Acc: 0.0985
2024-08-29 09:14:50,644 - INFO - Epoch 3/20, Loss: 5.0571, Acc: 0.2378, Validation Acc: 0.2955
2024-08-29 09:17:26,045 - INFO - Epoch 4/20, Loss: 4.0373, Acc: 0.4438, Validation Acc: 0.5303
2024-08-29 09:19:59,505 - INFO - Epoch 5/20, Loss: 3.2741, Acc: 0.5966, Validation Acc: 0.6136
2024-08-29 09:22:32,604 - INFO - Epoch 6/20, Loss: 2.5964, Acc: 0.6986, Validation Acc: 0.7386
2024-08-29 09:25:03,744 - INFO - Epoch 7/20, Loss: 2.0908, Acc: 0.7556, Validation Acc: 0.7803
2024-08-29 09:27:10,822 - INFO - Epoch 8/20, Loss: 1.7500, Acc: 0.7893, Validation Acc: 0.8106
2024-08-29 09:29:44,851 - INFO - Epoch 9/20, Loss: 1.5208, Acc: 0.8087, Validation Acc: 0.8333
2024-08-29 09:32:45,049 - INFO - Epoch 10/20, Loss: 1.3211, Acc: 0.8268, Validation Acc: 0.8447
2024-08-29 09:35:12,223 - INFO - Epoch 11/20, Loss: 1.2034, Acc: 0.8386, Validation Acc: 0.8598
2024-08-29 09:37:39,377 - INFO - Epoch 12/20, Loss: 1.1120, Acc: 0.8462, Validation Acc: 0.8674
2024-08-29 09:40:06,492 - INFO - Epoch 13/20, Loss: 1.0513, Acc: 0.8495, Validation Acc: 0.8712
2024-08-29 09:42:36,738 - INFO - Epoch 14/20, Loss: 1.0035, Acc: 0.8519, Validation Acc: 0.8636
2024-08-29 09:45:07,017 - INFO - Epoch 15/20, Loss: 0.9696, Acc: 0.8510, Validation Acc: 0.8750
2024-08-29 09:47:35,278 - INFO - Epoch 16/20, Loss: 0.9373, Acc: 0.8548, Validation Acc: 0.8750
2024-08-29 09:50:07,469 - INFO - Epoch 17/20, Loss: 0.9090, Acc: 0.8533, Validation Acc: 0.8788
2024-08-29 09:52:38,588 - INFO - Epoch 18/20, Loss: 0.8902, Acc: 0.8538, Validation Acc: 0.8788
2024-08-29 09:55:17,875 - INFO - Epoch 19/20, Loss: 0.8691, Acc: 0.8571, Validation Acc: 0.8788
2024-08-29 09:57:49,909 - INFO - Epoch 20/20, Loss: 0.8586, Acc: 0.8552, Validation Acc: 0.8788
2024-08-29 09:58:05,584 - INFO - Top-1 Recall: 0.8669
2024-08-29 09:58:05,584 - INFO - Top-5 Recall: 0.8821
2024-08-29 09:58:05,585 - INFO - Top-10 Recall: 0.8821
2024-08-29 09:58:05,585 - INFO - Precision: 0.6883
2024-08-29 09:58:05,585 - INFO - Recall: 0.7222
2024-08-29 09:58:05,585 - INFO - F1 Score: 0.6947
2024-09-12 19:07:56,038 - INFO - Epoch 1/20, Loss: 7.2080, Acc: 0.0266, Validation Acc: 0.0644
2024-09-12 19:10:32,662 - INFO - Epoch 2/20, Loss: 5.4113, Acc: 0.1111, Validation Acc: 0.2197
2024-09-12 19:13:13,154 - INFO - Epoch 3/20, Loss: 4.2279, Acc: 0.3185, Validation Acc: 0.3939
2024-09-12 19:15:58,947 - INFO - Epoch 4/20, Loss: 3.3160, Acc: 0.5050, Validation Acc: 0.6061
2024-09-12 19:18:46,295 - INFO - Epoch 5/20, Loss: 2.5207, Acc: 0.6763, Validation Acc: 0.7235
2024-09-12 19:21:22,727 - INFO - Epoch 6/20, Loss: 1.9238, Acc: 0.7641, Validation Acc: 0.7955
2024-09-12 19:23:59,829 - INFO - Epoch 7/20, Loss: 1.4350, Acc: 0.8424, Validation Acc: 0.8598
2024-09-12 19:26:23,211 - INFO - Epoch 8/20, Loss: 1.0442, Acc: 0.8961, Validation Acc: 0.9091
2024-09-12 19:29:02,919 - INFO - Epoch 9/20, Loss: 0.8217, Acc: 0.9217, Validation Acc: 0.9129
2024-09-12 19:31:43,887 - INFO - Epoch 10/20, Loss: 0.6292, Acc: 0.9464, Validation Acc: 0.9356
2024-09-12 19:34:16,699 - INFO - Epoch 11/20, Loss: 0.4859, Acc: 0.9625, Validation Acc: 0.9508
2024-09-12 19:37:37,780 - INFO - Epoch 12/20, Loss: 0.3826, Acc: 0.9763, Validation Acc: 0.9470
2024-09-12 19:40:46,739 - INFO - Epoch 13/20, Loss: 0.3049, Acc: 0.9815, Validation Acc: 0.9432
2024-09-12 19:43:20,493 - INFO - Epoch 14/20, Loss: 0.2558, Acc: 0.9896, Validation Acc: 0.9545
2024-09-12 19:45:52,856 - INFO - Epoch 15/20, Loss: 0.2038, Acc: 0.9919, Validation Acc: 0.9621
2024-09-12 19:48:27,302 - INFO - Epoch 16/20, Loss: 0.1901, Acc: 0.9900, Validation Acc: 0.9659
2024-09-12 19:50:38,649 - INFO - Epoch 17/20, Loss: 0.1646, Acc: 0.9948, Validation Acc: 0.9621
2024-09-12 19:53:19,494 - INFO - Epoch 18/20, Loss: 0.1364, Acc: 0.9967, Validation Acc: 0.9735
2024-09-12 19:56:01,158 - INFO - Epoch 19/20, Loss: 0.1172, Acc: 0.9986, Validation Acc: 0.9545
2024-09-12 19:58:41,914 - INFO - Epoch 20/20, Loss: 0.1118, Acc: 0.9967, Validation Acc: 0.9735
2024-09-12 19:58:58,097 - INFO - Top-1 Recall: 0.9544
2024-09-12 19:58:58,098 - INFO - Top-5 Recall: 0.9772
2024-09-12 19:58:58,098 - INFO - Top-10 Recall: 0.9810
2024-09-12 19:58:58,098 - INFO - Precision: 0.9407
2024-09-12 19:58:58,098 - INFO - Recall: 0.9416
2024-09-12 19:58:58,098 - INFO - F1 Score: 0.9345
2024-09-16 23:37:09,933 - INFO - Epoch 1/20, Loss: 7.4377, Acc: 0.0228, Validation Acc: 0.0303
2024-09-16 23:40:02,966 - INFO - Epoch 2/20, Loss: 6.1160, Acc: 0.0707, Validation Acc: 0.1174
2024-09-16 23:43:11,599 - INFO - Epoch 3/20, Loss: 5.1741, Acc: 0.1775, Validation Acc: 0.2424
2024-09-16 23:46:15,852 - INFO - Epoch 4/20, Loss: 4.3583, Acc: 0.3170, Validation Acc: 0.3750
2024-09-16 23:49:16,553 - INFO - Epoch 5/20, Loss: 3.6160, Acc: 0.4281, Validation Acc: 0.4621
2024-09-16 23:52:17,089 - INFO - Epoch 6/20, Loss: 2.9673, Acc: 0.5216, Validation Acc: 0.5947
2024-09-16 23:55:18,022 - INFO - Epoch 7/20, Loss: 2.4446, Acc: 0.6203, Validation Acc: 0.6742
2024-09-16 23:58:17,597 - INFO - Epoch 8/20, Loss: 2.0151, Acc: 0.6782, Validation Acc: 0.7576
2024-09-17 00:01:12,792 - INFO - Epoch 9/20, Loss: 1.6882, Acc: 0.7385, Validation Acc: 0.7917
2024-09-17 00:04:25,110 - INFO - Epoch 10/20, Loss: 1.3844, Acc: 0.7931, Validation Acc: 0.8485
2024-09-17 00:07:44,181 - INFO - Epoch 11/20, Loss: 1.1898, Acc: 0.8277, Validation Acc: 0.8750
2024-09-17 00:10:55,705 - INFO - Epoch 12/20, Loss: 1.0525, Acc: 0.8391, Validation Acc: 0.9205
2024-09-17 00:14:07,474 - INFO - Epoch 13/20, Loss: 0.8842, Acc: 0.8628, Validation Acc: 0.9091
2024-09-17 00:17:19,343 - INFO - Epoch 14/20, Loss: 0.7631, Acc: 0.8918, Validation Acc: 0.9167
2024-09-17 00:20:29,948 - INFO - Epoch 15/20, Loss: 0.7035, Acc: 0.8923, Validation Acc: 0.9432
2024-09-17 00:23:42,925 - INFO - Epoch 16/20, Loss: 0.6651, Acc: 0.8984, Validation Acc: 0.9280
2024-09-17 00:26:55,473 - INFO - Epoch 17/20, Loss: 0.5615, Acc: 0.9155, Validation Acc: 0.9508
2024-09-17 00:30:07,083 - INFO - Epoch 18/20, Loss: 0.4812, Acc: 0.9312, Validation Acc: 0.9470
2024-09-17 00:33:05,865 - INFO - Epoch 19/20, Loss: 0.4500, Acc: 0.9393, Validation Acc: 0.9318
2024-09-17 00:36:22,984 - INFO - Epoch 20/20, Loss: 0.4071, Acc: 0.9426, Validation Acc: 0.9697
2024-09-17 00:36:43,516 - INFO - Top-1 Recall: 0.9430
2024-09-17 00:36:43,516 - INFO - Top-5 Recall: 0.9924
2024-09-17 00:36:43,516 - INFO - Top-10 Recall: 0.9962
2024-09-17 00:36:43,516 - INFO - Precision: 0.9217
2024-09-17 00:36:43,516 - INFO - Recall: 0.9197
2024-09-17 00:36:43,516 - INFO - F1 Score: 0.9116
2024-09-17 11:34:52,166 - INFO - Epoch 1/20, Loss: 7.4576, Acc: 0.0218, Validation Acc: 0.0417
2024-09-17 11:36:55,189 - INFO - Epoch 2/20, Loss: 6.0886, Acc: 0.0740, Validation Acc: 0.1174
2024-09-17 11:39:11,297 - INFO - Epoch 3/20, Loss: 5.1074, Acc: 0.1785, Validation Acc: 0.2992
2024-09-17 11:41:15,083 - INFO - Epoch 4/20, Loss: 4.2943, Acc: 0.3166, Validation Acc: 0.3712
2024-09-17 11:43:17,703 - INFO - Epoch 5/20, Loss: 3.5807, Acc: 0.4319, Validation Acc: 0.4583
2024-09-17 11:45:23,101 - INFO - Epoch 6/20, Loss: 2.9059, Acc: 0.5415, Validation Acc: 0.6326
2024-09-17 11:47:37,512 - INFO - Epoch 7/20, Loss: 2.4036, Acc: 0.6227, Validation Acc: 0.7197
2024-09-17 11:49:38,840 - INFO - Epoch 8/20, Loss: 1.9952, Acc: 0.6963, Validation Acc: 0.8030
2024-09-17 11:51:39,826 - INFO - Epoch 9/20, Loss: 1.6427, Acc: 0.7442, Validation Acc: 0.8826
2024-09-17 11:53:46,902 - INFO - Epoch 10/20, Loss: 1.3432, Acc: 0.7921, Validation Acc: 0.8902
2024-09-17 11:55:47,343 - INFO - Epoch 11/20, Loss: 1.1775, Acc: 0.8092, Validation Acc: 0.9280
2024-09-17 11:57:47,189 - INFO - Epoch 12/20, Loss: 0.9503, Acc: 0.8586, Validation Acc: 0.9205
2024-09-17 11:59:48,465 - INFO - Epoch 13/20, Loss: 0.8646, Acc: 0.8662, Validation Acc: 0.9242
2024-09-17 12:01:50,168 - INFO - Epoch 14/20, Loss: 0.7542, Acc: 0.8785, Validation Acc: 0.9242
2024-09-17 12:03:50,653 - INFO - Epoch 15/20, Loss: 0.6841, Acc: 0.9032, Validation Acc: 0.9583
2024-09-17 12:05:52,747 - INFO - Epoch 16/20, Loss: 0.5705, Acc: 0.9184, Validation Acc: 0.9356
2024-09-17 12:07:53,282 - INFO - Epoch 17/20, Loss: 0.5165, Acc: 0.9264, Validation Acc: 0.9583
2024-09-17 12:09:52,441 - INFO - Epoch 18/20, Loss: 0.4718, Acc: 0.9326, Validation Acc: 0.9470
2024-09-17 12:11:53,040 - INFO - Epoch 19/20, Loss: 0.4324, Acc: 0.9374, Validation Acc: 0.9583
2024-09-17 12:13:54,469 - INFO - Epoch 20/20, Loss: 0.4175, Acc: 0.9378, Validation Acc: 0.9508
2024-09-17 12:14:05,263 - INFO - Top-1 Recall: 0.9468
2024-09-17 12:14:05,263 - INFO - Top-5 Recall: 0.9924
2024-09-17 12:14:05,263 - INFO - Top-10 Recall: 0.9924
2024-09-17 12:14:05,263 - INFO - Precision: 0.9379
2024-09-17 12:14:05,263 - INFO - Recall: 0.9367
2024-09-17 12:14:05,263 - INFO - F1 Score: 0.9285
2024-09-18 18:50:33,246 - INFO - Epoch 1/20, Loss: 6.7905, Acc: 0.0242, Validation Acc: 0.0644
2024-09-18 18:54:37,003 - INFO - Epoch 2/20, Loss: 5.9386, Acc: 0.0465, Validation Acc: 0.0720
2024-09-18 18:58:57,674 - INFO - Epoch 3/20, Loss: 5.6069, Acc: 0.0560, Validation Acc: 0.0720
2024-09-18 19:03:31,561 - INFO - Epoch 4/20, Loss: 5.3909, Acc: 0.0717, Validation Acc: 0.0606
2024-09-18 19:08:06,108 - INFO - Epoch 5/20, Loss: 5.1639, Acc: 0.0869, Validation Acc: 0.1061
2024-09-18 19:12:38,751 - INFO - Epoch 6/20, Loss: 4.7869, Acc: 0.1153, Validation Acc: 0.0909
2024-09-18 19:17:12,991 - INFO - Epoch 7/20, Loss: 4.5848, Acc: 0.1258, Validation Acc: 0.1894
2024-09-18 19:21:47,937 - INFO - Epoch 8/20, Loss: 4.3844, Acc: 0.1481, Validation Acc: 0.1856
2024-09-18 19:26:20,441 - INFO - Epoch 9/20, Loss: 4.1333, Acc: 0.1728, Validation Acc: 0.2159
2024-09-18 19:30:45,260 - INFO - Epoch 10/20, Loss: 3.9119, Acc: 0.2155, Validation Acc: 0.2159
2024-09-18 19:35:00,484 - INFO - Epoch 11/20, Loss: 3.6732, Acc: 0.2254, Validation Acc: 0.3258
2024-09-18 19:38:02,161 - INFO - Epoch 12/20, Loss: 3.5850, Acc: 0.2345, Validation Acc: 0.3409
2024-09-18 19:40:30,644 - INFO - Epoch 13/20, Loss: 3.4261, Acc: 0.2639, Validation Acc: 0.2348
2024-09-18 19:43:10,967 - INFO - Epoch 14/20, Loss: 3.2416, Acc: 0.2938, Validation Acc: 0.3068
2024-09-18 19:45:37,670 - INFO - Epoch 15/20, Loss: 3.0079, Acc: 0.3232, Validation Acc: 0.3750
2024-09-18 19:48:07,618 - INFO - Epoch 16/20, Loss: 2.7586, Acc: 0.3688, Validation Acc: 0.3788
2024-09-18 19:51:00,205 - INFO - Epoch 17/20, Loss: 2.6906, Acc: 0.3911, Validation Acc: 0.3674
2024-09-18 19:54:23,561 - INFO - Epoch 18/20, Loss: 2.4934, Acc: 0.4248, Validation Acc: 0.4545
2024-09-18 19:57:11,091 - INFO - Epoch 19/20, Loss: 2.4317, Acc: 0.4343, Validation Acc: 0.3409
2024-09-18 20:01:15,365 - INFO - Epoch 20/20, Loss: 2.3187, Acc: 0.4447, Validation Acc: 0.4167
2024-09-18 20:01:39,800 - INFO - Top-1 Recall: 0.3878
2024-09-18 20:01:39,802 - INFO - Top-5 Recall: 0.7490
2024-09-18 20:01:39,802 - INFO - Top-10 Recall: 0.8441
2024-09-18 20:01:39,802 - INFO - Precision: 0.3510
2024-09-18 20:01:39,802 - INFO - Recall: 0.3784
2024-09-18 20:01:39,803 - INFO - F1 Score: 0.3206
2024-09-24 21:48:55,147 - INFO - Epoch 1/20, Loss: 7.4390, Acc: 0.0176, Validation Acc: 0.0228
2024-09-24 21:51:37,114 - INFO - Epoch 2/20, Loss: 6.1303, Acc: 0.0579, Validation Acc: 0.1103
2024-09-24 21:56:08,499 - INFO - Epoch 3/20, Loss: 5.1378, Acc: 0.1747, Validation Acc: 0.2624
2024-09-24 22:00:35,339 - INFO - Epoch 4/20, Loss: 4.3552, Acc: 0.3019, Validation Acc: 0.4411
2024-09-24 22:05:07,306 - INFO - Epoch 5/20, Loss: 3.6508, Acc: 0.4495, Validation Acc: 0.5513
2024-09-24 22:09:37,367 - INFO - Epoch 6/20, Loss: 2.9899, Acc: 0.5534, Validation Acc: 0.6084
2024-09-24 22:13:52,014 - INFO - Epoch 7/20, Loss: 2.4535, Acc: 0.6084, Validation Acc: 0.6996
2024-09-24 22:17:26,569 - INFO - Epoch 8/20, Loss: 2.0338, Acc: 0.6858, Validation Acc: 0.7833
2024-09-24 22:21:01,642 - INFO - Epoch 9/20, Loss: 1.6613, Acc: 0.7489, Validation Acc: 0.7947
2024-09-24 22:25:00,339 - INFO - Epoch 10/20, Loss: 1.4091, Acc: 0.7803, Validation Acc: 0.8137
2024-09-24 22:29:07,576 - INFO - Epoch 11/20, Loss: 1.1721, Acc: 0.8154, Validation Acc: 0.8745
2024-09-24 22:32:56,832 - INFO - Epoch 12/20, Loss: 1.0138, Acc: 0.8439, Validation Acc: 0.8897
2024-09-24 22:36:43,221 - INFO - Epoch 13/20, Loss: 0.8871, Acc: 0.8662, Validation Acc: 0.8973
2024-09-24 22:40:27,274 - INFO - Epoch 14/20, Loss: 0.7795, Acc: 0.8837, Validation Acc: 0.9202
2024-09-24 22:44:13,427 - INFO - Epoch 15/20, Loss: 0.6723, Acc: 0.9041, Validation Acc: 0.9202
2024-09-24 22:47:58,334 - INFO - Epoch 16/20, Loss: 0.6089, Acc: 0.9041, Validation Acc: 0.9316
2024-09-24 22:51:45,453 - INFO - Epoch 17/20, Loss: 0.5612, Acc: 0.9127, Validation Acc: 0.9392
2024-09-24 22:55:56,721 - INFO - Epoch 18/20, Loss: 0.4989, Acc: 0.9269, Validation Acc: 0.9240
2024-09-24 23:00:07,876 - INFO - Epoch 19/20, Loss: 0.4591, Acc: 0.9283, Validation Acc: 0.9620
2024-09-24 23:04:04,846 - INFO - Epoch 20/20, Loss: 0.4125, Acc: 0.9407, Validation Acc: 0.9087
2024-09-24 23:04:33,147 - INFO - Top-1 Recall: 0.9394
2024-09-24 23:04:33,147 - INFO - Top-5 Recall: 1.0000
2024-09-24 23:04:33,148 - INFO - Top-10 Recall: 1.0000
2024-09-24 23:04:33,148 - INFO - Precision: 0.9379
2024-09-24 23:04:33,148 - INFO - Recall: 0.9369
2024-09-24 23:04:33,148 - INFO - F1 Score: 0.9274
