2024-08-29 10:11:16,361 - INFO - Epoch 1/20, Loss: 5.3903, Acc: 0.0185
2024-08-29 10:11:31,009 - INFO - Validation Acc: 0.0568
2024-08-29 10:13:35,122 - INFO - Epoch 2/20, Loss: 5.0886, Acc: 0.1130
2024-08-29 10:13:49,603 - INFO - Validation Acc: 0.1439
2024-08-29 10:16:02,649 - INFO - Epoch 3/20, Loss: 4.7361, Acc: 0.1913
2024-08-29 10:16:17,387 - INFO - Validation Acc: 0.2197
2024-08-29 10:18:08,750 - INFO - Epoch 4/20, Loss: 4.3189, Acc: 0.3204
2024-08-29 10:18:27,313 - INFO - Validation Acc: 0.3258
2024-08-29 10:20:38,956 - INFO - Epoch 5/20, Loss: 3.8857, Acc: 0.4229
2024-08-29 10:20:53,205 - INFO - Validation Acc: 0.4621
2024-08-29 10:23:10,115 - INFO - Epoch 6/20, Loss: 3.4585, Acc: 0.5325
2024-08-29 10:23:27,457 - INFO - Validation Acc: 0.5455
2024-08-29 10:25:33,534 - INFO - Epoch 7/20, Loss: 3.0673, Acc: 0.5876
2024-08-29 10:25:45,817 - INFO - Validation Acc: 0.5985
2024-08-29 10:27:06,355 - INFO - Epoch 8/20, Loss: 2.6824, Acc: 0.6336
2024-08-29 10:27:15,401 - INFO - Validation Acc: 0.6477
2024-08-29 10:28:35,299 - INFO - Epoch 9/20, Loss: 2.3308, Acc: 0.6863
2024-08-29 10:28:44,455 - INFO - Validation Acc: 0.6970
2024-08-29 10:30:05,511 - INFO - Epoch 10/20, Loss: 2.0591, Acc: 0.7233
2024-08-29 10:30:14,750 - INFO - Validation Acc: 0.7538
2024-08-29 10:31:54,541 - INFO - Epoch 11/20, Loss: 1.8117, Acc: 0.7470
2024-08-29 10:32:09,703 - INFO - Validation Acc: 0.7992
2024-08-29 10:33:57,034 - INFO - Epoch 12/20, Loss: 1.5878, Acc: 0.7836
2024-08-29 10:34:06,890 - INFO - Validation Acc: 0.8220
2024-08-29 10:35:27,588 - INFO - Epoch 13/20, Loss: 1.4385, Acc: 0.7969
2024-08-29 10:35:37,051 - INFO - Validation Acc: 0.8371
2024-08-29 10:37:30,015 - INFO - Epoch 14/20, Loss: 1.3060, Acc: 0.8135
2024-08-29 10:38:14,977 - INFO - Validation Acc: 0.8523
2024-08-29 10:43:14,783 - INFO - Epoch 15/20, Loss: 1.2150, Acc: 0.8168
2024-08-29 10:43:28,351 - INFO - Validation Acc: 0.8561
2024-08-29 10:45:41,583 - INFO - Epoch 16/20, Loss: 1.1357, Acc: 0.8277
2024-08-29 10:46:00,298 - INFO - Validation Acc: 0.8750
2024-08-29 10:48:27,840 - INFO - Epoch 17/20, Loss: 1.0651, Acc: 0.8296
2024-08-29 10:48:52,145 - INFO - Validation Acc: 0.8712
2024-08-29 10:52:30,542 - INFO - Epoch 18/20, Loss: 1.0242, Acc: 0.8415
2024-08-29 10:52:51,161 - INFO - Validation Acc: 0.8712
2024-08-29 10:55:46,612 - INFO - Epoch 19/20, Loss: 0.9656, Acc: 0.8434
2024-08-29 10:56:07,915 - INFO - Validation Acc: 0.8750
2024-08-29 10:59:03,518 - INFO - Epoch 20/20, Loss: 0.9417, Acc: 0.8424
2024-08-29 10:59:19,367 - INFO - Validation Acc: 0.8750
2024-08-29 10:59:37,432 - INFO - Top-1 Recall: 0.8593
2024-08-29 10:59:37,432 - INFO - Top-5 Recall: 0.8821
2024-08-29 10:59:37,432 - INFO - Top-10 Recall: 0.8897
2024-08-29 10:59:37,432 - INFO - Precision: 0.6999
2024-08-29 10:59:37,432 - INFO - Recall: 0.7274
2024-08-29 10:59:37,433 - INFO - F1 Score: 0.7048
2024-09-12 20:02:28,744 - INFO - Epoch 1/20, Loss: 4.6391, Acc: 0.0199
2024-09-12 20:02:44,491 - INFO - Validation Acc: 0.0455
2024-09-12 20:04:55,644 - INFO - Epoch 2/20, Loss: 4.3859, Acc: 0.1168
2024-09-12 20:05:11,162 - INFO - Validation Acc: 0.1705
2024-09-12 20:07:20,318 - INFO - Epoch 3/20, Loss: 4.0978, Acc: 0.2283
2024-09-12 20:07:35,251 - INFO - Validation Acc: 0.2917
2024-09-12 20:09:44,073 - INFO - Epoch 4/20, Loss: 3.7654, Acc: 0.3678
2024-09-12 20:09:58,880 - INFO - Validation Acc: 0.4167
2024-09-12 20:12:08,710 - INFO - Epoch 5/20, Loss: 3.4112, Acc: 0.4931
2024-09-12 20:12:23,513 - INFO - Validation Acc: 0.5379
2024-09-12 20:14:35,181 - INFO - Epoch 6/20, Loss: 3.0388, Acc: 0.5999
2024-09-12 20:14:50,734 - INFO - Validation Acc: 0.6288
2024-09-12 20:17:04,104 - INFO - Epoch 7/20, Loss: 2.6886, Acc: 0.6455
2024-09-12 20:17:19,648 - INFO - Validation Acc: 0.6894
2024-09-12 20:19:36,940 - INFO - Epoch 8/20, Loss: 2.3500, Acc: 0.7057
2024-09-12 20:19:53,134 - INFO - Validation Acc: 0.7197
2024-09-12 20:22:07,025 - INFO - Epoch 9/20, Loss: 2.0308, Acc: 0.7347
2024-09-12 20:22:22,572 - INFO - Validation Acc: 0.7576
2024-09-12 20:24:38,662 - INFO - Epoch 10/20, Loss: 1.7192, Acc: 0.7812
2024-09-12 20:24:55,030 - INFO - Validation Acc: 0.8068
2024-09-12 20:27:11,684 - INFO - Epoch 11/20, Loss: 1.4907, Acc: 0.8073
2024-09-12 20:27:27,395 - INFO - Validation Acc: 0.8333
2024-09-12 20:29:45,549 - INFO - Epoch 12/20, Loss: 1.2517, Acc: 0.8263
2024-09-12 20:30:01,134 - INFO - Validation Acc: 0.8864
2024-09-12 20:32:17,506 - INFO - Epoch 13/20, Loss: 1.0682, Acc: 0.8633
2024-09-12 20:32:33,130 - INFO - Validation Acc: 0.9167
2024-09-12 20:34:49,554 - INFO - Epoch 14/20, Loss: 0.9132, Acc: 0.8799
2024-09-12 20:35:06,244 - INFO - Validation Acc: 0.9318
2024-09-12 20:37:21,556 - INFO - Epoch 15/20, Loss: 0.8091, Acc: 0.8999
2024-09-12 20:37:37,388 - INFO - Validation Acc: 0.9432
2024-09-12 20:39:53,285 - INFO - Epoch 16/20, Loss: 0.6742, Acc: 0.9184
2024-09-12 20:40:10,650 - INFO - Validation Acc: 0.9432
2024-09-12 20:42:18,593 - INFO - Epoch 17/20, Loss: 0.6155, Acc: 0.9231
2024-09-12 20:42:28,693 - INFO - Validation Acc: 0.9545
2024-09-12 20:44:08,563 - INFO - Epoch 18/20, Loss: 0.5328, Acc: 0.9355
2024-09-12 20:44:18,497 - INFO - Validation Acc: 0.9545
2024-09-12 20:46:21,731 - INFO - Epoch 19/20, Loss: 0.4845, Acc: 0.9440
2024-09-12 20:46:36,545 - INFO - Validation Acc: 0.9621
2024-09-12 20:48:40,189 - INFO - Epoch 20/20, Loss: 0.4336, Acc: 0.9487
2024-09-12 20:48:54,679 - INFO - Validation Acc: 0.9621
2024-09-12 20:49:09,458 - INFO - Top-1 Recall: 0.9582
2024-09-12 20:49:09,459 - INFO - Top-5 Recall: 0.9848
2024-09-12 20:49:09,459 - INFO - Top-10 Recall: 0.9886
2024-09-12 20:49:09,459 - INFO - Precision: 0.9674
2024-09-12 20:49:09,459 - INFO - Recall: 0.9571
2024-09-12 20:49:09,459 - INFO - F1 Score: 0.9519
2024-09-16 22:27:06,040 - INFO - Epoch 1/20, Loss: 4.6503, Acc: 0.0166
2024-09-16 22:27:39,108 - INFO - Validation Acc: 0.0455
2024-09-16 22:31:18,207 - INFO - Epoch 2/20, Loss: 4.4731, Acc: 0.0807
2024-09-16 22:31:39,044 - INFO - Validation Acc: 0.0909
2024-09-16 22:34:39,733 - INFO - Epoch 3/20, Loss: 4.2827, Acc: 0.1187
2024-09-16 22:34:58,462 - INFO - Validation Acc: 0.1288
2024-09-16 22:37:23,338 - INFO - Epoch 4/20, Loss: 4.0639, Acc: 0.1879
2024-09-16 22:37:42,186 - INFO - Validation Acc: 0.2614
2024-09-16 22:40:18,758 - INFO - Epoch 5/20, Loss: 3.8414, Acc: 0.2734
2024-09-16 22:40:37,921 - INFO - Validation Acc: 0.3295
2024-09-16 22:42:50,386 - INFO - Epoch 6/20, Loss: 3.6148, Acc: 0.3398
2024-09-16 22:43:05,479 - INFO - Validation Acc: 0.3977
2024-09-16 22:45:10,023 - INFO - Epoch 7/20, Loss: 3.3537, Acc: 0.4110
2024-09-16 22:45:24,424 - INFO - Validation Acc: 0.4508
2024-09-16 22:47:27,533 - INFO - Epoch 8/20, Loss: 3.0831, Acc: 0.4808
2024-09-16 22:47:40,846 - INFO - Validation Acc: 0.5379
2024-09-16 22:49:45,833 - INFO - Epoch 9/20, Loss: 2.8224, Acc: 0.5434
2024-09-16 22:49:59,602 - INFO - Validation Acc: 0.5758
2024-09-16 22:51:57,681 - INFO - Epoch 10/20, Loss: 2.5941, Acc: 0.5714
2024-09-16 22:52:11,681 - INFO - Validation Acc: 0.6023
2024-09-16 22:54:11,490 - INFO - Epoch 11/20, Loss: 2.3691, Acc: 0.6047
2024-09-16 22:54:25,012 - INFO - Validation Acc: 0.6515
2024-09-16 22:56:23,091 - INFO - Epoch 12/20, Loss: 2.1565, Acc: 0.6312
2024-09-16 22:56:37,361 - INFO - Validation Acc: 0.6742
2024-09-16 22:58:41,788 - INFO - Epoch 13/20, Loss: 1.9834, Acc: 0.6668
2024-09-16 22:58:56,800 - INFO - Validation Acc: 0.7083
2024-09-16 23:01:23,281 - INFO - Epoch 14/20, Loss: 1.8022, Acc: 0.6853
2024-09-16 23:01:38,652 - INFO - Validation Acc: 0.7197
2024-09-16 23:03:49,059 - INFO - Epoch 15/20, Loss: 1.6701, Acc: 0.6981
2024-09-16 23:04:04,419 - INFO - Validation Acc: 0.7538
2024-09-16 23:06:11,935 - INFO - Epoch 16/20, Loss: 1.4857, Acc: 0.7399
2024-09-16 23:06:26,086 - INFO - Validation Acc: 0.7424
2024-09-16 23:08:55,870 - INFO - Epoch 17/20, Loss: 1.3384, Acc: 0.7651
2024-09-16 23:09:16,200 - INFO - Validation Acc: 0.7992
2024-09-16 23:11:50,611 - INFO - Epoch 18/20, Loss: 1.2197, Acc: 0.7741
2024-09-16 23:12:08,786 - INFO - Validation Acc: 0.8220
2024-09-16 23:14:42,266 - INFO - Epoch 19/20, Loss: 1.0851, Acc: 0.8121
2024-09-16 23:15:00,054 - INFO - Validation Acc: 0.8561
2024-09-16 23:17:34,116 - INFO - Epoch 20/20, Loss: 1.0083, Acc: 0.8125
2024-09-16 23:17:51,903 - INFO - Validation Acc: 0.8712
2024-09-16 23:18:10,379 - INFO - Top-1 Recall: 0.9087
2024-09-16 23:18:10,380 - INFO - Top-5 Recall: 0.9810
2024-09-16 23:18:10,380 - INFO - Top-10 Recall: 1.0000
2024-09-16 23:18:10,380 - INFO - Precision: 0.8767
2024-09-16 23:18:10,381 - INFO - Recall: 0.8708
2024-09-16 23:18:10,381 - INFO - F1 Score: 0.8613
2024-09-19 08:48:34,160 - INFO - Epoch 1/20, Loss: 4.7996, Acc: 0.0176
2024-09-19 08:48:47,769 - INFO - Validation Acc: 0.0076
2024-09-19 08:51:38,825 - INFO - Epoch 2/20, Loss: 4.5321, Acc: 0.0294
2024-09-19 08:52:01,959 - INFO - Validation Acc: 0.0189
2024-09-19 08:55:23,704 - INFO - Epoch 3/20, Loss: 4.3053, Acc: 0.0323
2024-09-19 08:55:42,819 - INFO - Validation Acc: 0.0455
2024-09-19 08:58:59,045 - INFO - Epoch 4/20, Loss: 4.1636, Acc: 0.0441
2024-09-19 08:59:18,732 - INFO - Validation Acc: 0.0379
2024-09-19 09:01:41,819 - INFO - Epoch 5/20, Loss: 4.0111, Acc: 0.0517
2024-09-19 09:01:54,262 - INFO - Validation Acc: 0.0227
2024-09-19 09:04:02,707 - INFO - Epoch 6/20, Loss: 3.8927, Acc: 0.0631
2024-09-19 09:04:14,874 - INFO - Validation Acc: 0.0720
2024-09-19 09:06:21,641 - INFO - Epoch 7/20, Loss: 3.7605, Acc: 0.0778
2024-09-19 09:06:37,929 - INFO - Validation Acc: 0.0720
2024-09-19 09:09:23,395 - INFO - Epoch 8/20, Loss: 3.5869, Acc: 0.0935
2024-09-19 09:09:43,438 - INFO - Validation Acc: 0.1515
2024-09-19 09:12:40,055 - INFO - Epoch 9/20, Loss: 3.4784, Acc: 0.1111
2024-09-19 09:12:53,548 - INFO - Validation Acc: 0.1629
2024-09-19 09:15:17,516 - INFO - Epoch 10/20, Loss: 3.3099, Acc: 0.1338
2024-09-19 09:15:30,905 - INFO - Validation Acc: 0.1818
2024-09-19 09:17:48,912 - INFO - Epoch 11/20, Loss: 3.2444, Acc: 0.1505
2024-09-19 09:18:02,979 - INFO - Validation Acc: 0.2159
2024-09-19 09:20:40,385 - INFO - Epoch 12/20, Loss: 3.1438, Acc: 0.1590
2024-09-19 09:20:55,920 - INFO - Validation Acc: 0.2045
2024-09-19 09:23:22,237 - INFO - Epoch 13/20, Loss: 2.9571, Acc: 0.2027
2024-09-19 09:23:35,821 - INFO - Validation Acc: 0.2424
2024-09-19 09:25:56,356 - INFO - Epoch 14/20, Loss: 2.9003, Acc: 0.2221
2024-09-19 09:26:11,054 - INFO - Validation Acc: 0.2159
2024-09-19 09:29:23,301 - INFO - Epoch 15/20, Loss: 2.8048, Acc: 0.2406
2024-09-19 09:29:42,664 - INFO - Validation Acc: 0.3106
2024-09-19 09:33:16,331 - INFO - Epoch 16/20, Loss: 2.6540, Acc: 0.2729
2024-09-19 09:33:35,270 - INFO - Validation Acc: 0.3258
2024-09-19 09:36:45,907 - INFO - Epoch 17/20, Loss: 2.5978, Acc: 0.2852
2024-09-19 09:37:05,133 - INFO - Validation Acc: 0.3523
2024-09-19 09:40:05,175 - INFO - Epoch 18/20, Loss: 2.5116, Acc: 0.3156
2024-09-19 09:40:19,993 - INFO - Validation Acc: 0.3902
2024-09-19 09:42:40,744 - INFO - Epoch 19/20, Loss: 2.4436, Acc: 0.3299
2024-09-19 09:42:55,034 - INFO - Validation Acc: 0.3750
2024-09-19 09:45:06,101 - INFO - Epoch 20/20, Loss: 2.2710, Acc: 0.3726
2024-09-19 09:45:18,720 - INFO - Validation Acc: 0.4394
2024-09-19 09:45:31,440 - INFO - Top-1 Recall: 0.4373
2024-09-19 09:45:31,441 - INFO - Top-5 Recall: 0.8175
2024-09-19 09:45:31,441 - INFO - Top-10 Recall: 0.9163
2024-09-19 09:45:31,441 - INFO - Precision: 0.3474
2024-09-19 09:45:31,441 - INFO - Recall: 0.3969
2024-09-19 09:45:31,441 - INFO - F1 Score: 0.3349
2024-09-24 23:29:04,005 - INFO - Epoch 1/20, Loss: 4.6542, Acc: 0.0233
2024-09-24 23:29:24,247 - INFO - Validation Acc: 0.0568
2024-09-24 23:32:45,403 - INFO - Epoch 2/20, Loss: 4.5103, Acc: 0.0603
2024-09-24 23:33:05,070 - INFO - Validation Acc: 0.1174
2024-09-24 23:36:24,088 - INFO - Epoch 3/20, Loss: 4.3480, Acc: 0.1163
2024-09-24 23:36:43,637 - INFO - Validation Acc: 0.2083
2024-09-24 23:40:00,039 - INFO - Epoch 4/20, Loss: 4.1463, Acc: 0.1699
2024-09-24 23:40:19,467 - INFO - Validation Acc: 0.3106
2024-09-24 23:43:36,313 - INFO - Epoch 5/20, Loss: 3.8928, Acc: 0.2781
2024-09-24 23:43:55,790 - INFO - Validation Acc: 0.3485
2024-09-24 23:47:12,696 - INFO - Epoch 6/20, Loss: 3.6212, Acc: 0.3598
2024-09-24 23:47:32,373 - INFO - Validation Acc: 0.4280
2024-09-24 23:50:49,569 - INFO - Epoch 7/20, Loss: 3.3493, Acc: 0.4366
2024-09-24 23:51:09,180 - INFO - Validation Acc: 0.5341
2024-09-24 23:54:25,544 - INFO - Epoch 8/20, Loss: 3.0965, Acc: 0.4632
2024-09-24 23:54:45,192 - INFO - Validation Acc: 0.5644
2024-09-24 23:58:02,608 - INFO - Epoch 9/20, Loss: 2.8091, Acc: 0.5358
2024-09-24 23:58:22,078 - INFO - Validation Acc: 0.6023
2024-09-25 00:01:39,258 - INFO - Epoch 10/20, Loss: 2.5384, Acc: 0.5705
2024-09-25 00:01:58,764 - INFO - Validation Acc: 0.6667
2024-09-25 00:05:26,107 - INFO - Epoch 11/20, Loss: 2.3085, Acc: 0.6222
2024-09-25 00:05:49,024 - INFO - Validation Acc: 0.7197
2024-09-25 00:09:36,263 - INFO - Epoch 12/20, Loss: 2.0369, Acc: 0.6640
2024-09-25 00:09:59,132 - INFO - Validation Acc: 0.7462
2024-09-25 00:13:47,086 - INFO - Epoch 13/20, Loss: 1.8030, Acc: 0.6801
2024-09-25 00:14:09,540 - INFO - Validation Acc: 0.7614
2024-09-25 00:17:53,657 - INFO - Epoch 14/20, Loss: 1.6046, Acc: 0.7304
2024-09-25 00:18:14,503 - INFO - Validation Acc: 0.8182
2024-09-25 00:21:38,928 - INFO - Epoch 15/20, Loss: 1.4594, Acc: 0.7598
2024-09-25 00:21:59,228 - INFO - Validation Acc: 0.8485
2024-09-25 00:25:22,330 - INFO - Epoch 16/20, Loss: 1.2882, Acc: 0.7798
2024-09-25 00:25:41,801 - INFO - Validation Acc: 0.8864
2024-09-25 00:28:58,397 - INFO - Epoch 17/20, Loss: 1.1411, Acc: 0.8178
2024-09-25 00:29:18,353 - INFO - Validation Acc: 0.9091
2024-09-25 00:32:16,966 - INFO - Epoch 18/20, Loss: 1.0693, Acc: 0.8159
2024-09-25 00:32:30,501 - INFO - Validation Acc: 0.9053
2024-09-25 00:34:47,994 - INFO - Epoch 19/20, Loss: 0.9582, Acc: 0.8258
2024-09-25 00:35:00,566 - INFO - Validation Acc: 0.9242
2024-09-25 00:37:08,802 - INFO - Epoch 20/20, Loss: 0.8702, Acc: 0.8462
2024-09-25 00:37:20,974 - INFO - Validation Acc: 0.9205
2024-09-25 00:37:33,842 - INFO - Top-1 Recall: 0.9125
2024-09-25 00:37:33,842 - INFO - Top-5 Recall: 0.9848
2024-09-25 00:37:33,842 - INFO - Top-10 Recall: 0.9924
2024-09-25 00:37:33,843 - INFO - Precision: 0.9290
2024-09-25 00:37:33,843 - INFO - Recall: 0.9122
2024-09-25 00:37:33,843 - INFO - F1 Score: 0.9025
2024-09-25 09:48:43,755 - INFO - Epoch 1/20, Loss: 4.6585, Acc: 0.0214
2024-09-25 09:49:05,481 - INFO - test Acc: 0.0417
2024-09-25 09:52:10,803 - INFO - Epoch 2/20, Loss: 4.5290, Acc: 0.0603
2024-09-25 09:52:28,998 - INFO - test Acc: 0.0947
2024-09-25 09:55:15,797 - INFO - Epoch 3/20, Loss: 4.3654, Acc: 0.1035
2024-09-25 09:55:31,898 - INFO - test Acc: 0.1477
2024-09-25 09:58:33,619 - INFO - Epoch 4/20, Loss: 4.1683, Acc: 0.1704
2024-09-25 09:58:52,273 - INFO - test Acc: 0.2424
2024-09-25 10:01:55,841 - INFO - Epoch 5/20, Loss: 3.9386, Acc: 0.2511
2024-09-25 10:02:12,805 - INFO - test Acc: 0.3788
2024-09-25 10:05:05,495 - INFO - Epoch 6/20, Loss: 3.6808, Acc: 0.3365
2024-09-25 10:05:22,980 - INFO - test Acc: 0.4470
2024-09-25 10:08:23,660 - INFO - Epoch 7/20, Loss: 3.3890, Acc: 0.4352
2024-09-25 10:08:46,087 - INFO - test Acc: 0.5152
2024-09-25 10:12:35,974 - INFO - Epoch 8/20, Loss: 3.1194, Acc: 0.4703
2024-09-25 10:12:57,578 - INFO - test Acc: 0.5682
2024-09-25 10:17:16,527 - INFO - Epoch 9/20, Loss: 2.8515, Acc: 0.5301
2024-09-25 10:17:34,428 - INFO - test Acc: 0.6212
2024-09-25 10:20:45,112 - INFO - Epoch 10/20, Loss: 2.6183, Acc: 0.5657
2024-09-25 10:21:07,241 - INFO - test Acc: 0.6629
2024-09-25 10:24:08,617 - INFO - Epoch 11/20, Loss: 2.3640, Acc: 0.6037
2024-09-25 10:24:27,088 - INFO - test Acc: 0.6818
2024-09-25 10:27:32,956 - INFO - Epoch 12/20, Loss: 2.1110, Acc: 0.6597
2024-09-25 10:27:47,281 - INFO - test Acc: 0.7386
2024-09-25 10:30:18,075 - INFO - Epoch 13/20, Loss: 1.9300, Acc: 0.6787
2024-09-25 10:30:32,841 - INFO - test Acc: 0.7576
2024-09-25 10:33:00,913 - INFO - Epoch 14/20, Loss: 1.7302, Acc: 0.6972
2024-09-25 10:33:15,022 - INFO - test Acc: 0.7917
2024-09-25 10:35:54,018 - INFO - Epoch 15/20, Loss: 1.5311, Acc: 0.7409
2024-09-25 10:36:12,469 - INFO - test Acc: 0.8333
2024-09-25 10:39:13,946 - INFO - Epoch 16/20, Loss: 1.3556, Acc: 0.7727
2024-09-25 10:39:33,786 - INFO - test Acc: 0.8485
2024-09-25 10:43:51,842 - INFO - Epoch 17/20, Loss: 1.2306, Acc: 0.7912
2024-09-25 10:44:19,751 - INFO - test Acc: 0.8561
2024-09-25 10:48:14,153 - INFO - Epoch 18/20, Loss: 1.0770, Acc: 0.8234
2024-09-25 10:48:38,647 - INFO - test Acc: 0.8864
2024-09-25 10:52:32,441 - INFO - Epoch 19/20, Loss: 1.0135, Acc: 0.8187
2024-09-25 10:52:53,627 - INFO - test Acc: 0.9015
2024-09-25 10:56:30,103 - INFO - Epoch 20/20, Loss: 0.9284, Acc: 0.8301
2024-09-25 10:56:52,314 - INFO - test Acc: 0.9167
2024-09-25 10:57:14,745 - INFO - Top-1 Recall: 0.9087
2024-09-25 10:57:14,745 - INFO - Top-5 Recall: 0.9848
2024-09-25 10:57:14,745 - INFO - Top-10 Recall: 0.9924
2024-09-25 10:57:14,746 - INFO - Precision: 0.9052
2024-09-25 10:57:14,746 - INFO - Recall: 0.9054
2024-09-25 10:57:14,746 - INFO - F1 Score: 0.8895
