2024-08-28 18:07:19,157 - INFO - Epoch 1/20, Loss: 5.0782, Acc: 0.0418, Validation Acc: 0.1212
2024-08-28 18:08:54,750 - INFO - Epoch 2/20, Loss: 3.8616, Acc: 0.3612, Validation Acc: 0.4621
2024-08-28 18:10:26,176 - INFO - Epoch 3/20, Loss: 2.7108, Acc: 0.6084, Validation Acc: 0.6780
2024-08-28 18:12:16,746 - INFO - Epoch 4/20, Loss: 1.9088, Acc: 0.7409, Validation Acc: 0.8144
2024-08-28 18:14:25,137 - INFO - Epoch 5/20, Loss: 1.4608, Acc: 0.8087, Validation Acc: 0.8485
2024-08-28 18:17:02,405 - INFO - Epoch 6/20, Loss: 1.2081, Acc: 0.8325, Validation Acc: 0.8598
2024-08-28 18:19:27,222 - INFO - Epoch 7/20, Loss: 1.0523, Acc: 0.8434, Validation Acc: 0.8636
2024-08-28 18:21:51,867 - INFO - Epoch 8/20, Loss: 0.9558, Acc: 0.8491, Validation Acc: 0.8674
2024-08-28 18:24:14,068 - INFO - Epoch 9/20, Loss: 0.8776, Acc: 0.8538, Validation Acc: 0.8636
2024-08-28 18:26:38,306 - INFO - Epoch 10/20, Loss: 0.8187, Acc: 0.8595, Validation Acc: 0.8712
2024-08-28 18:29:02,227 - INFO - Epoch 11/20, Loss: 0.7812, Acc: 0.8600, Validation Acc: 0.8712
2024-08-28 18:31:26,410 - INFO - Epoch 12/20, Loss: 0.7318, Acc: 0.8647, Validation Acc: 0.8788
2024-08-28 18:33:51,357 - INFO - Epoch 13/20, Loss: 0.6932, Acc: 0.8700, Validation Acc: 0.8788
2024-08-28 18:36:14,976 - INFO - Epoch 14/20, Loss: 0.6508, Acc: 0.8738, Validation Acc: 0.8788
2024-08-28 18:38:36,628 - INFO - Epoch 15/20, Loss: 0.6067, Acc: 0.8837, Validation Acc: 0.8788
2024-08-28 18:40:58,559 - INFO - Epoch 16/20, Loss: 0.5660, Acc: 0.8951, Validation Acc: 0.8788
2024-08-28 18:43:22,852 - INFO - Epoch 17/20, Loss: 0.5269, Acc: 0.9051, Validation Acc: 0.8826
2024-08-28 18:45:49,000 - INFO - Epoch 18/20, Loss: 0.4862, Acc: 0.9127, Validation Acc: 0.8826
2024-08-28 18:48:12,531 - INFO - Epoch 19/20, Loss: 0.4415, Acc: 0.9298, Validation Acc: 0.8902
2024-08-28 18:50:36,551 - INFO - Epoch 20/20, Loss: 0.3950, Acc: 0.9359, Validation Acc: 0.8939
2024-08-28 18:50:51,744 - INFO - Top-1 Recall: 0.9049
2024-08-28 18:50:51,745 - INFO - Top-5 Recall: 0.9278
2024-08-28 18:50:51,745 - INFO - Top-10 Recall: 0.9544
2024-08-28 18:50:51,745 - INFO - Precision: 0.7013
2024-08-28 18:50:51,745 - INFO - Recall: 0.7226
2024-08-28 18:50:51,745 - INFO - F1 Score: 0.7089
2024-09-12 17:07:52,522 - INFO - Epoch 1/20, Loss: 4.4596, Acc: 0.0603, Validation Acc: 0.1780
2024-09-12 17:09:56,376 - INFO - Epoch 2/20, Loss: 3.4216, Acc: 0.3816, Validation Acc: 0.5265
2024-09-12 17:12:28,982 - INFO - Epoch 3/20, Loss: 2.3341, Acc: 0.6488, Validation Acc: 0.6932
2024-09-12 17:15:19,762 - INFO - Epoch 4/20, Loss: 1.4996, Acc: 0.7950, Validation Acc: 0.8333
2024-09-12 17:18:04,355 - INFO - Epoch 5/20, Loss: 1.0023, Acc: 0.8809, Validation Acc: 0.9205
2024-09-12 17:20:39,405 - INFO - Epoch 6/20, Loss: 0.6866, Acc: 0.9245, Validation Acc: 0.9508
2024-09-12 17:23:23,336 - INFO - Epoch 7/20, Loss: 0.4800, Acc: 0.9549, Validation Acc: 0.9659
2024-09-12 17:26:06,060 - INFO - Epoch 8/20, Loss: 0.3555, Acc: 0.9692, Validation Acc: 0.9659
2024-09-12 17:28:56,334 - INFO - Epoch 9/20, Loss: 0.2760, Acc: 0.9782, Validation Acc: 0.9659
2024-09-12 17:31:32,129 - INFO - Epoch 10/20, Loss: 0.2125, Acc: 0.9886, Validation Acc: 0.9697
2024-09-12 17:34:22,252 - INFO - Epoch 11/20, Loss: 0.1645, Acc: 0.9948, Validation Acc: 0.9735
2024-09-12 17:37:04,295 - INFO - Epoch 12/20, Loss: 0.1202, Acc: 0.9995, Validation Acc: 0.9735
2024-09-12 17:39:51,479 - INFO - Epoch 13/20, Loss: 0.1066, Acc: 0.9967, Validation Acc: 0.9773
2024-09-12 17:42:30,776 - INFO - Epoch 14/20, Loss: 0.0887, Acc: 1.0000, Validation Acc: 0.9735
2024-09-12 17:44:55,613 - INFO - Epoch 15/20, Loss: 0.0737, Acc: 0.9995, Validation Acc: 0.9735
2024-09-12 17:47:20,181 - INFO - Epoch 16/20, Loss: 0.0692, Acc: 0.9991, Validation Acc: 0.9773
2024-09-12 17:49:47,481 - INFO - Epoch 17/20, Loss: 0.0562, Acc: 1.0000, Validation Acc: 0.9773
2024-09-12 17:52:18,078 - INFO - Epoch 18/20, Loss: 0.0488, Acc: 0.9995, Validation Acc: 0.9773
2024-09-12 17:54:40,685 - INFO - Epoch 19/20, Loss: 0.0541, Acc: 1.0000, Validation Acc: 0.9773
2024-09-12 17:57:03,222 - INFO - Epoch 20/20, Loss: 0.0447, Acc: 0.9991, Validation Acc: 0.9773
2024-09-12 17:57:18,218 - INFO - Top-1 Recall: 0.9734
2024-09-12 17:57:18,218 - INFO - Top-5 Recall: 0.9924
2024-09-12 17:57:18,218 - INFO - Top-10 Recall: 0.9962
2024-09-12 17:57:18,218 - INFO - Precision: 0.9660
2024-09-12 17:57:18,218 - INFO - Recall: 0.9707
2024-09-12 17:57:18,218 - INFO - F1 Score: 0.9635
2024-09-16 21:19:53,504 - INFO - Epoch 1/20, Loss: 4.5424, Acc: 0.0408, Validation Acc: 0.0568
2024-09-16 21:23:20,580 - INFO - Epoch 2/20, Loss: 3.9107, Acc: 0.1851, Validation Acc: 0.2765
2024-09-16 21:26:55,886 - INFO - Epoch 3/20, Loss: 3.1614, Acc: 0.3707, Validation Acc: 0.4545
2024-09-16 21:30:28,247 - INFO - Epoch 4/20, Loss: 2.4657, Acc: 0.5183, Validation Acc: 0.5720
2024-09-16 21:33:58,694 - INFO - Epoch 5/20, Loss: 1.9323, Acc: 0.6194, Validation Acc: 0.7159
2024-09-16 21:37:25,709 - INFO - Epoch 6/20, Loss: 1.5441, Acc: 0.6925, Validation Acc: 0.7727
2024-09-16 21:40:37,662 - INFO - Epoch 7/20, Loss: 1.2253, Acc: 0.7746, Validation Acc: 0.8220
2024-09-16 21:43:58,187 - INFO - Epoch 8/20, Loss: 1.0618, Acc: 0.7945, Validation Acc: 0.8333
2024-09-16 21:46:56,442 - INFO - Epoch 9/20, Loss: 0.9041, Acc: 0.8272, Validation Acc: 0.8750
2024-09-16 21:50:02,260 - INFO - Epoch 10/20, Loss: 0.7598, Acc: 0.8514, Validation Acc: 0.9091
2024-09-16 21:52:53,893 - INFO - Epoch 11/20, Loss: 0.6665, Acc: 0.8790, Validation Acc: 0.9205
2024-09-16 21:55:54,240 - INFO - Epoch 12/20, Loss: 0.5896, Acc: 0.8961, Validation Acc: 0.9167
2024-09-16 21:58:51,525 - INFO - Epoch 13/20, Loss: 0.5275, Acc: 0.8965, Validation Acc: 0.9545
2024-09-16 22:02:10,214 - INFO - Epoch 14/20, Loss: 0.4724, Acc: 0.9098, Validation Acc: 0.9318
2024-09-16 22:04:57,013 - INFO - Epoch 15/20, Loss: 0.4054, Acc: 0.9274, Validation Acc: 0.9205
2024-09-16 22:08:04,962 - INFO - Epoch 16/20, Loss: 0.3621, Acc: 0.9293, Validation Acc: 0.9432
2024-09-16 22:11:01,330 - INFO - Epoch 17/20, Loss: 0.3224, Acc: 0.9411, Validation Acc: 0.9508
2024-09-16 22:14:10,839 - INFO - Epoch 18/20, Loss: 0.2969, Acc: 0.9492, Validation Acc: 0.9621
2024-09-16 22:18:49,984 - INFO - Epoch 19/20, Loss: 0.2698, Acc: 0.9521, Validation Acc: 0.9621
2024-09-16 22:23:23,534 - INFO - Epoch 20/20, Loss: 0.2622, Acc: 0.9502, Validation Acc: 0.9583
2024-09-16 22:23:44,896 - INFO - Top-1 Recall: 0.9430
2024-09-16 22:23:44,897 - INFO - Top-5 Recall: 0.9886
2024-09-16 22:23:44,897 - INFO - Top-10 Recall: 1.0000
2024-09-16 22:23:44,897 - INFO - Precision: 0.9146
2024-09-16 22:23:44,897 - INFO - Recall: 0.9212
2024-09-16 22:23:44,897 - INFO - F1 Score: 0.9095

2024-09-18 17:25:45,933 - INFO - Epoch 1/20, Loss: 5.1975, Acc: 0.0133, Validation Acc: 0.0152
2024-09-18 17:29:29,117 - INFO - Epoch 2/20, Loss: 4.6219, Acc: 0.0252, Validation Acc: 0.0568
2024-09-18 17:33:13,528 - INFO - Epoch 3/20, Loss: 4.3752, Acc: 0.0380, Validation Acc: 0.0492
2024-09-18 17:37:04,442 - INFO - Epoch 4/20, Loss: 4.2494, Acc: 0.0446, Validation Acc: 0.0530
2024-09-18 17:40:57,582 - INFO - Epoch 5/20, Loss: 4.1149, Acc: 0.0565, Validation Acc: 0.0417
2024-09-18 17:45:18,038 - INFO - Epoch 6/20, Loss: 4.0750, Acc: 0.0660, Validation Acc: 0.0720
2024-09-18 17:48:55,468 - INFO - Epoch 7/20, Loss: 3.8904, Acc: 0.0826, Validation Acc: 0.0606
2024-09-18 17:52:26,852 - INFO - Epoch 8/20, Loss: 3.8719, Acc: 0.0878, Validation Acc: 0.0909
2024-09-18 17:55:56,883 - INFO - Epoch 9/20, Loss: 3.7791, Acc: 0.0869, Validation Acc: 0.0682
2024-09-18 17:59:27,342 - INFO - Epoch 10/20, Loss: 3.6640, Acc: 0.1096, Validation Acc: 0.0758
2024-09-18 18:02:57,318 - INFO - Epoch 11/20, Loss: 3.5733, Acc: 0.1248, Validation Acc: 0.1212
2024-09-18 18:06:28,129 - INFO - Epoch 12/20, Loss: 3.5576, Acc: 0.1144, Validation Acc: 0.1439
2024-09-18 18:09:58,804 - INFO - Epoch 13/20, Loss: 3.4432, Acc: 0.1381, Validation Acc: 0.1288
2024-09-18 18:13:28,682 - INFO - Epoch 14/20, Loss: 3.4183, Acc: 0.1561, Validation Acc: 0.1667
2024-09-18 18:17:07,362 - INFO - Epoch 15/20, Loss: 3.2918, Acc: 0.1761, Validation Acc: 0.1402
2024-09-18 18:20:45,865 - INFO - Epoch 16/20, Loss: 3.2540, Acc: 0.1675, Validation Acc: 0.1591
2024-09-18 18:24:28,768 - INFO - Epoch 17/20, Loss: 3.1735, Acc: 0.1879, Validation Acc: 0.1439
2024-09-18 18:28:06,561 - INFO - Epoch 18/20, Loss: 3.1772, Acc: 0.1870, Validation Acc: 0.1705
2024-09-18 18:31:35,754 - INFO - Epoch 19/20, Loss: 3.0816, Acc: 0.2041, Validation Acc: 0.2348
2024-09-18 18:35:08,125 - INFO - Epoch 20/20, Loss: 3.0045, Acc: 0.2364, Validation Acc: 0.2311
2024-09-18 18:35:30,886 - INFO - Top-1 Recall: 0.2319
2024-09-18 18:35:30,887 - INFO - Top-5 Recall: 0.5665
2024-09-18 18:35:30,887 - INFO - Top-10 Recall: 0.7376
2024-09-18 18:35:30,887 - INFO - Precision: 0.1385
2024-09-18 18:35:30,887 - INFO - Recall: 0.2163
2024-09-18 18:35:30,887 - INFO - F1 Score: 0.1495
2024-09-20 15:00:02,761 - INFO - Epoch 1/20, Loss: 4.8194, Acc: 0.0138, Validation Acc: 0.0265
2024-09-20 15:04:31,046 - INFO - Epoch 2/20, Loss: 4.7867, Acc: 0.0152, Validation Acc: 0.0114
2024-09-20 15:08:53,208 - INFO - Epoch 3/20, Loss: 4.7749, Acc: 0.0147, Validation Acc: 0.0076
2024-09-20 15:13:13,247 - INFO - Epoch 4/20, Loss: 4.7364, Acc: 0.0204, Validation Acc: 0.0227
2024-09-20 15:17:30,379 - INFO - Epoch 5/20, Loss: 4.6921, Acc: 0.0180, Validation Acc: 0.0265
2024-09-20 15:21:52,216 - INFO - Epoch 6/20, Loss: 4.6506, Acc: 0.0214, Validation Acc: 0.0379
2024-09-20 15:26:17,538 - INFO - Epoch 7/20, Loss: 4.6090, Acc: 0.0266, Validation Acc: 0.0265
2024-09-20 15:30:37,008 - INFO - Epoch 8/20, Loss: 4.5935, Acc: 0.0256, Validation Acc: 0.0303
2024-09-20 15:34:32,207 - INFO - Epoch 9/20, Loss: 4.5330, Acc: 0.0218, Validation Acc: 0.0303
2024-09-20 15:38:09,584 - INFO - Epoch 10/20, Loss: 4.5005, Acc: 0.0337, Validation Acc: 0.0417
2024-09-20 15:41:39,443 - INFO - Epoch 11/20, Loss: 4.4437, Acc: 0.0365, Validation Acc: 0.0265
2024-09-20 15:45:15,824 - INFO - Epoch 12/20, Loss: 4.4460, Acc: 0.0313, Validation Acc: 0.0303
2024-09-20 15:48:52,139 - INFO - Epoch 13/20, Loss: 4.3938, Acc: 0.0413, Validation Acc: 0.0492
2024-09-20 15:52:26,869 - INFO - Epoch 14/20, Loss: 4.3971, Acc: 0.0432, Validation Acc: 0.0758
2024-09-20 15:56:01,876 - INFO - Epoch 15/20, Loss: 4.3200, Acc: 0.0451, Validation Acc: 0.0417
2024-09-20 15:59:34,217 - INFO - Epoch 16/20, Loss: 4.2717, Acc: 0.0441, Validation Acc: 0.0492
2024-09-20 16:03:14,437 - INFO - Epoch 17/20, Loss: 4.2044, Acc: 0.0503, Validation Acc: 0.0530
2024-09-20 16:07:12,311 - INFO - Epoch 18/20, Loss: 4.1247, Acc: 0.0584, Validation Acc: 0.0492
2024-09-20 16:11:18,214 - INFO - Epoch 19/20, Loss: 4.0911, Acc: 0.0579, Validation Acc: 0.0492
2024-09-20 16:15:25,391 - INFO - Epoch 20/20, Loss: 4.0701, Acc: 0.0622, Validation Acc: 0.0985
2024-09-20 16:15:47,695 - INFO - Top-1 Recall: 0.0760
2024-09-20 16:15:47,696 - INFO - Top-5 Recall: 0.2662
2024-09-20 16:15:47,696 - INFO - Top-10 Recall: 0.4259
2024-09-20 16:15:47,696 - INFO - Precision: 0.0220
2024-09-20 16:15:47,697 - INFO - Recall: 0.0784
2024-09-20 16:15:47,697 - INFO - F1 Score: 0.0306
2024-09-24 20:26:32,104 - INFO - Epoch 1/20, Loss: 4.5530, Acc: 0.0446, Validation Acc: 0.0760
2024-09-24 20:29:18,940 - INFO - Epoch 2/20, Loss: 3.9657, Acc: 0.1951, Validation Acc: 0.2395
2024-09-24 20:32:16,908 - INFO - Epoch 3/20, Loss: 3.2093, Acc: 0.3640, Validation Acc: 0.4753
2024-09-24 20:36:00,802 - INFO - Epoch 4/20, Loss: 2.5163, Acc: 0.5206, Validation Acc: 0.6274
2024-09-24 20:38:41,216 - INFO - Epoch 5/20, Loss: 1.9411, Acc: 0.6274, Validation Acc: 0.7262
2024-09-24 20:41:50,186 - INFO - Epoch 6/20, Loss: 1.5385, Acc: 0.7034, Validation Acc: 0.7643
2024-09-24 20:45:09,933 - INFO - Epoch 7/20, Loss: 1.2603, Acc: 0.7565, Validation Acc: 0.8365
2024-09-24 20:48:15,775 - INFO - Epoch 8/20, Loss: 1.0590, Acc: 0.7931, Validation Acc: 0.8441
2024-09-24 20:51:34,806 - INFO - Epoch 9/20, Loss: 0.8677, Acc: 0.8367, Validation Acc: 0.8707
2024-09-24 20:54:08,163 - INFO - Epoch 10/20, Loss: 0.7662, Acc: 0.8538, Validation Acc: 0.9278
2024-09-24 20:57:42,040 - INFO - Epoch 11/20, Loss: 0.6612, Acc: 0.8761, Validation Acc: 0.9202
2024-09-24 21:01:18,200 - INFO - Epoch 12/20, Loss: 0.5775, Acc: 0.8899, Validation Acc: 0.9354
2024-09-24 21:05:32,142 - INFO - Epoch 13/20, Loss: 0.5090, Acc: 0.9131, Validation Acc: 0.9392
2024-09-24 21:09:50,380 - INFO - Epoch 14/20, Loss: 0.4573, Acc: 0.9117, Validation Acc: 0.9658
2024-09-24 21:14:01,488 - INFO - Epoch 15/20, Loss: 0.4360, Acc: 0.9146, Validation Acc: 0.9392
2024-09-24 21:18:18,315 - INFO - Epoch 16/20, Loss: 0.3884, Acc: 0.9298, Validation Acc: 0.9544
2024-09-24 21:22:11,582 - INFO - Epoch 17/20, Loss: 0.3224, Acc: 0.9421, Validation Acc: 0.9772
2024-09-24 21:25:57,796 - INFO - Epoch 18/20, Loss: 0.2974, Acc: 0.9449, Validation Acc: 0.9506
2024-09-24 21:29:49,363 - INFO - Epoch 19/20, Loss: 0.2566, Acc: 0.9606, Validation Acc: 0.9506
2024-09-24 21:33:47,953 - INFO - Epoch 20/20, Loss: 0.2695, Acc: 0.9516, Validation Acc: 0.9620
2024-09-24 21:34:11,435 - INFO - Top-1 Recall: 0.9697
2024-09-24 21:34:11,435 - INFO - Top-5 Recall: 0.9924
2024-09-24 21:34:11,435 - INFO - Top-10 Recall: 1.0000
2024-09-24 21:34:11,435 - INFO - Precision: 0.9770
2024-09-24 21:34:11,435 - INFO - Recall: 0.9747
2024-09-24 21:34:11,435 - INFO - F1 Score: 0.9711
